<?xml version="1.0" encoding="UTF-8"?>
<!-- Generated by org.testng.reporters.JUnitXMLReporter -->
<testsuite ignored="0" hostname="DESKTOP-1U98EA5" failures="0" tests="4" name="Command line test" time="101.022" errors="0" timestamp="25 Sep 2022 18:17:04 GMT">
  <testcase classname="testCases.LeaveTrackPageTest" name="viewTimeTrackDetails" time="14.105"/>
  <testcase classname="testCases.ReportPageTest" name="viewTimeTrackDetails" time="13.729"/>
  <testcase classname="testCases.UserPageTest" name="viewTimeTrackDetails" time="12.134"/>
  <testcase classname="testCases.HomePageTest" name="homePageLogoTest" time="4.92"/>
</testsuite> <!-- Command line test -->
