<?xml version="1.0" encoding="UTF-8" ?>
<testsuite tests="4" failures="0" name="TestSuite" time="44.928" errors="0" skipped="0">
  <properties>
[...]
</properties>
  <testcase classname="testCases.LeaveTrackPageTest" name="viewTimeTrackDetails" time="14.145"/>
  <testcase classname="testCases.ReportPageTest" name="viewTimeTrackDetails" time="13.729"/>
  <testcase classname="testCases.UserPageTest" name="viewTimeTrackDetails" time="12.133"/>
  <testcase classname="testCases.HomePageTest" name="homePageLogoTest" time="4.921"/>
</testsuite>