<?xml version="1.0" encoding="UTF-8"?>
<testng-results ignored="0" total="4" passed="4" failed="0" skipped="0">
  <reporter-output>
  </reporter-output>
  <suite started-at="2022-09-25T18:15:23Z" name="Command line suite" finished-at="2022-09-25T18:17:04Z" duration-ms="101022">
    <groups>
    </groups>
    <test started-at="2022-09-25T18:15:23Z" name="Command line test" finished-at="2022-09-25T18:17:04Z" duration-ms="101022">
      <class name="testCases.UserPageTest">
        <test-method is-config="true" signature="setup()[pri:0, instance:testCases.UserPageTest@68999068]" started-at="2022-09-25T18:16:21Z" name="setup" finished-at="2022-09-25T18:16:33Z" duration-ms="12046" status="PASS">
          <reporter-output>
          </reporter-output>
        </test-method> <!-- setup -->
        <test-method signature="viewTimeTrackDetails()[pri:0, instance:testCases.UserPageTest@68999068]" started-at="2022-09-25T18:16:33Z" name="viewTimeTrackDetails" finished-at="2022-09-25T18:16:45Z" duration-ms="12134" status="PASS">
          <reporter-output>
          </reporter-output>
        </test-method> <!-- viewTimeTrackDetails -->
        <test-method is-config="true" signature="tearDown()[pri:0, instance:testCases.UserPageTest@68999068]" started-at="2022-09-25T18:16:45Z" name="tearDown" finished-at="2022-09-25T18:16:46Z" duration-ms="526" status="PASS">
          <reporter-output>
          </reporter-output>
        </test-method> <!-- tearDown -->
      </class> <!-- testCases.UserPageTest -->
      <class name="testCases.LeaveTrackPageTest">
        <test-method is-config="true" signature="setup()[pri:0, instance:testCases.LeaveTrackPageTest@2c767a52]" started-at="2022-09-25T18:15:23Z" name="setup" finished-at="2022-09-25T18:15:37Z" duration-ms="13571" status="PASS">
          <reporter-output>
          </reporter-output>
        </test-method> <!-- setup -->
        <test-method signature="viewTimeTrackDetails()[pri:0, instance:testCases.LeaveTrackPageTest@2c767a52]" started-at="2022-09-25T18:15:37Z" name="viewTimeTrackDetails" finished-at="2022-09-25T18:15:51Z" duration-ms="14105" status="PASS">
          <reporter-output>
          </reporter-output>
        </test-method> <!-- viewTimeTrackDetails -->
        <test-method is-config="true" signature="tearDown()[pri:0, instance:testCases.LeaveTrackPageTest@2c767a52]" started-at="2022-09-25T18:15:51Z" name="tearDown" finished-at="2022-09-25T18:15:53Z" duration-ms="1872" status="PASS">
          <reporter-output>
          </reporter-output>
        </test-method> <!-- tearDown -->
      </class> <!-- testCases.LeaveTrackPageTest -->
      <class name="testCases.ReportPageTest">
        <test-method is-config="true" signature="setup()[pri:0, instance:testCases.ReportPageTest@708f5957]" started-at="2022-09-25T18:15:53Z" name="setup" finished-at="2022-09-25T18:16:07Z" duration-ms="13954" status="PASS">
          <reporter-output>
          </reporter-output>
        </test-method> <!-- setup -->
        <test-method signature="viewTimeTrackDetails()[pri:0, instance:testCases.ReportPageTest@708f5957]" started-at="2022-09-25T18:16:07Z" name="viewTimeTrackDetails" finished-at="2022-09-25T18:16:20Z" duration-ms="13729" status="PASS">
          <reporter-output>
          </reporter-output>
        </test-method> <!-- viewTimeTrackDetails -->
        <test-method is-config="true" signature="tearDown()[pri:0, instance:testCases.ReportPageTest@708f5957]" started-at="2022-09-25T18:16:20Z" name="tearDown" finished-at="2022-09-25T18:16:21Z" duration-ms="563" status="PASS">
          <reporter-output>
          </reporter-output>
        </test-method> <!-- tearDown -->
      </class> <!-- testCases.ReportPageTest -->
      <class name="testCases.HomePageTest">
        <test-method is-config="true" signature="setup()[pri:0, instance:testCases.HomePageTest@130161f7]" started-at="2022-09-25T18:16:46Z" name="setup" finished-at="2022-09-25T18:16:59Z" duration-ms="13082" status="PASS">
          <reporter-output>
          </reporter-output>
        </test-method> <!-- setup -->
        <test-method signature="homePageLogoTest()[pri:1, instance:testCases.HomePageTest@130161f7]" started-at="2022-09-25T18:16:59Z" name="homePageLogoTest" finished-at="2022-09-25T18:17:04Z" duration-ms="4920" status="PASS">
          <reporter-output>
          </reporter-output>
        </test-method> <!-- homePageLogoTest -->
        <test-method is-config="true" signature="tearDown()[pri:0, instance:testCases.HomePageTest@130161f7]" started-at="2022-09-25T18:17:04Z" name="tearDown" finished-at="2022-09-25T18:17:04Z" duration-ms="473" status="PASS">
          <reporter-output>
          </reporter-output>
        </test-method> <!-- tearDown -->
      </class> <!-- testCases.HomePageTest -->
    </test> <!-- Command line test -->
  </suite> <!-- Command line suite -->
</testng-results>
